<?xml version="1.0" encoding="UTF-8"?>
<!-- Generated by org.testng.reporters.JUnitXMLReporter -->
<testsuite ignored="6" hostname="SEZLAP-7532" failures="0" tests="1" name="Default test" time="4.729" errors="0" timestamp="2024-02-09T23:39:02 IST">
  <testcase classname="api.test.UserTests" name="Createuserfirst" time="3.347"/>
  <testcase classname="api.test.UserTests" name="createUser" time="0.0">
    <ignored/>
  </testcase> <!-- createUser -->
  <testcase classname="api.test.UserTests" name="config" time="0.0">
    <ignored/>
  </testcase> <!-- config -->
  <testcase classname="api.test.UserTests" name="updateuser" time="0.0">
    <ignored/>
  </testcase> <!-- updateuser -->
  <testcase classname="api.test.UserTests" name="createUserWithoutFirstName" time="0.0">
    <ignored/>
  </testcase> <!-- createUserWithoutFirstName -->
  <testcase classname="api.test.UserTests" name="getuser" time="0.0">
    <ignored/>
  </testcase> <!-- getuser -->
  <testcase classname="api.test.UserTests" name="deleteUser" time="0.0">
    <ignored/>
  </testcase> <!-- deleteUser -->
</testsuite> <!-- Default test -->
