<?xml version="1.0" encoding="UTF-8"?>
<!-- Generated by org.testng.reporters.JUnitXMLReporter -->
<testsuite ignored="0" hostname="SEZLAP-7532" failures="0" tests="11" name="Test" time="21.31" errors="0" timestamp="2023-12-04T15:43:38 IST">
  <testcase classname="api.test.UserTests" name="createUser" time="3.138"/>
  <testcase classname="api.test.UserTests" name="createUserWithoutFirstName" time="1.533"/>
  <testcase classname="api.test.UserTests" name="getuser" time="1.526"/>
  <testcase classname="api.test.UserTests" name="updateuser" time="1.516"/>
  <testcase classname="api.test.UserTests" name="deleteUser" time="1.567"/>
  <testcase classname="api.test.DDTests" name="testpostuser" time="1.526"/>
  <testcase classname="api.test.DDTests" name="testpostuser" time="1.552"/>
  <testcase classname="api.test.DDTests" name="testpostuser" time="1.472"/>
  <testcase classname="api.test.DDTests" name="deleteuser" time="1.786"/>
  <testcase classname="api.test.DDTests" name="deleteuser" time="1.573"/>
  <testcase classname="api.test.DDTests" name="deleteuser" time="1.484"/>
</testsuite> <!-- Test -->
