<?xml version="1.0" encoding="UTF-8"?>
<!-- Generated by org.testng.reporters.JUnitXMLReporter -->
<testsuite ignored="0" hostname="SEZLAP-7532" failures="1" tests="5" name="Test" time="15.222" errors="0" timestamp="2024-02-09T16:26:32 IST">
  <testcase classname="api.test.UserTests" name="createUser" time="5.39">
    <failure type="java.lang.AssertionError" message="expected [201] but found [200]">
      <![CDATA[java.lang.AssertionError: expected [201] but found [200]
at api.test.UserTests.createUser(UserTests.java:53)
at java.base/java.util.ArrayList.forEach(ArrayList.java:1541)
... Removed 38 stack frames]]>
    </failure>
  </testcase> <!-- createUser -->
  <testcase classname="api.test.UserTests" name="createUserWithoutFirstName" time="1.843"/>
  <testcase classname="api.test.UserTests" name="getuser" time="1.89"/>
  <testcase classname="api.test.UserTests" name="updateuser" time="1.769"/>
  <testcase classname="api.test.UserTests" name="deleteUser" time="1.832"/>
</testsuite> <!-- Test -->
