<?xml version="1.0" encoding="UTF-8"?>
<!-- Generated by org.testng.reporters.JUnitXMLReporter -->
<testsuite ignored="2" hostname="SEZLAP-7532" failures="0" tests="7" name="Test" time="37.501" errors="0" timestamp="2024-02-26T23:36:32 IST">
  <testcase classname="api.test.LoginTest" name="getToken" time="4.927"/>
  <testcase classname="api.test.LoginTest" name="getTokenWithoutPassword" time="1.719"/>
  <testcase classname="api.test.LoginTest" name="getTokenWithoutUserName" time="0.997"/>
  <testcase classname="api.test.LoginTest" name="getTokenWithoutclientId" time="1.464"/>
  <testcase classname="api.test.PlacePersonalizedOrderTest" name="placeNonPersonalizedOrder" time="9.757"/>
  <testcase classname="api.test.PlacePersonalizedOrderTest" name="placeNonPersonalizedOrder1" time="15.344"/>
  <testcase classname="api.test.PlacePersonalizedOrderTest" name="readpayload" time="0.001"/>
  <testcase classname="api.utilities.Base" name="@AfterSuite SendEmail" time="0.0">
    <ignored/>
  </testcase> <!-- @AfterSuite SendEmail -->
  <testcase classname="api.utilities.Base" name="@BeforeSuite setup" time="0.0">
    <ignored/>
  </testcase> <!-- @BeforeSuite setup -->
</testsuite> <!-- Test -->
