<?xml version="1.0" encoding="UTF-8"?>
<testng-results ignored="0" total="7" passed="7" failed="0" skipped="0">
  <reporter-output>
  </reporter-output>
  <suite started-at="2024-02-20T11:24:54 IST" name="OpenLoopSuite1" finished-at="2024-02-20T11:25:36 IST" duration-ms="42240">
    <groups>
    </groups>
    <test started-at="2024-02-20T11:24:54 IST" name="Test" finished-at="2024-02-20T11:25:36 IST" duration-ms="42240">
      <class name="api.test.LoginTest">
        <test-method is-config="true" signature="setup()[pri:0, instance:api.test.LoginTest@47e2e487]" started-at="2024-02-20T11:24:54 IST" name="setup" finished-at="2024-02-20T11:24:54 IST" duration-ms="34" status="PASS">
          <reporter-output>
          </reporter-output>
        </test-method> <!-- setup -->
        <test-method is-config="true" signature="setUpData()[pri:0, instance:api.test.LoginTest@47e2e487]" started-at="2024-02-20T11:24:54 IST" name="setUpData" finished-at="2024-02-20T11:24:55 IST" duration-ms="449" status="PASS">
          <reporter-output>
          </reporter-output>
        </test-method> <!-- setUpData -->
        <test-method signature="getToken()[pri:0, instance:api.test.LoginTest@47e2e487]" started-at="2024-02-20T11:24:55 IST" name="getToken" description="Get Token" finished-at="2024-02-20T11:25:00 IST" duration-ms="4785" status="PASS">
          <reporter-output>
          </reporter-output>
        </test-method> <!-- getToken -->
        <test-method signature="getTokenWithoutPassword()[pri:0, instance:api.test.LoginTest@47e2e487]" started-at="2024-02-20T11:25:00 IST" name="getTokenWithoutPassword" description="Veriy Token Without Passing Password" finished-at="2024-02-20T11:25:01 IST" duration-ms="1660" status="PASS">
          <reporter-output>
          </reporter-output>
        </test-method> <!-- getTokenWithoutPassword -->
        <test-method signature="getTokenWithoutUserName()[pri:0, instance:api.test.LoginTest@47e2e487]" started-at="2024-02-20T11:25:01 IST" name="getTokenWithoutUserName" description="Veriy Token Without Passing username" finished-at="2024-02-20T11:25:03 IST" duration-ms="1696" status="PASS">
          <reporter-output>
          </reporter-output>
        </test-method> <!-- getTokenWithoutUserName -->
        <test-method signature="getTokenWithoutclientId()[pri:0, instance:api.test.LoginTest@47e2e487]" started-at="2024-02-20T11:25:03 IST" name="getTokenWithoutclientId" description="Veriy Token Without Passing ClientID" finished-at="2024-02-20T11:25:05 IST" duration-ms="1518" status="PASS">
          <reporter-output>
          </reporter-output>
        </test-method> <!-- getTokenWithoutclientId -->
        <test-method is-config="true" signature="SendEmail()[pri:0, instance:api.test.LoginTest@47e2e487]" started-at="2024-02-20T11:25:37 IST" name="SendEmail" finished-at="2024-02-20T11:25:43 IST" duration-ms="5355" status="PASS">
          <reporter-output>
          </reporter-output>
        </test-method> <!-- SendEmail -->
      </class> <!-- api.test.LoginTest -->
      <class name="api.test.PlacePersonalizedOrderTest">
        <test-method is-config="true" signature="setUpData()[pri:0, instance:api.test.PlacePersonalizedOrderTest@1b11171f]" started-at="2024-02-20T11:25:05 IST" name="setUpData" finished-at="2024-02-20T11:25:07 IST" duration-ms="2670" status="PASS">
          <reporter-output>
          </reporter-output>
        </test-method> <!-- setUpData -->
        <test-method signature="placeNonPersonalizedOrder()[pri:0, instance:api.test.PlacePersonalizedOrderTest@1b11171f]" started-at="2024-02-20T11:25:07 IST" name="placeNonPersonalizedOrder" description="PlacePersonalized order" finished-at="2024-02-20T11:25:26 IST" duration-ms="19048" status="PASS">
          <reporter-output>
          </reporter-output>
        </test-method> <!-- placeNonPersonalizedOrder -->
        <test-method signature="placeNonPersonalizedOrder1()[pri:0, instance:api.test.PlacePersonalizedOrderTest@1b11171f]" started-at="2024-02-20T11:25:26 IST" name="placeNonPersonalizedOrder1" description="PlacePersonalized order1" finished-at="2024-02-20T11:25:36 IST" duration-ms="10187" status="PASS">
          <reporter-output>
          </reporter-output>
        </test-method> <!-- placeNonPersonalizedOrder1 -->
        <test-method signature="readpayload()[pri:0, instance:api.test.PlacePersonalizedOrderTest@1b11171f]" started-at="2024-02-20T11:25:36 IST" name="readpayload" description="print" finished-at="2024-02-20T11:25:36 IST" duration-ms="2" status="PASS">
          <reporter-output>
          </reporter-output>
        </test-method> <!-- readpayload -->
      </class> <!-- api.test.PlacePersonalizedOrderTest -->
    </test> <!-- Test -->
  </suite> <!-- OpenLoopSuite1 -->
</testng-results>
