<?xml version="1.0" encoding="UTF-8"?>
<testng-results ignored="0" total="11" passed="11" failed="0" skipped="0">
  <reporter-output>
  </reporter-output>
  <suite started-at="2023-12-04T15:43:17 IST" name="OpenLoopSuite" finished-at="2023-12-04T15:43:38 IST" duration-ms="21310">
    <groups>
    </groups>
    <test started-at="2023-12-04T15:43:17 IST" name="Test" finished-at="2023-12-04T15:43:38 IST" duration-ms="21310">
      <class name="api.test.UserTests">
        <test-method is-config="true" signature="setUpData()[pri:0, instance:api.test.UserTests@36916eb0]" started-at="2023-12-04T15:43:17 IST" name="setUpData" finished-at="2023-12-04T15:43:18 IST" duration-ms="812" status="PASS">
          <reporter-output>
          </reporter-output>
        </test-method> <!-- setUpData -->
        <test-method signature="createUser()[pri:1, instance:api.test.UserTests@36916eb0]" started-at="2023-12-04T15:43:18 IST" name="createUser" finished-at="2023-12-04T15:43:21 IST" duration-ms="3138" status="PASS">
          <reporter-output>
          </reporter-output>
        </test-method> <!-- createUser -->
        <test-method signature="createUserWithoutFirstName()[pri:2, instance:api.test.UserTests@36916eb0]" started-at="2023-12-04T15:43:21 IST" name="createUserWithoutFirstName" finished-at="2023-12-04T15:43:23 IST" duration-ms="1533" status="PASS">
          <reporter-output>
          </reporter-output>
        </test-method> <!-- createUserWithoutFirstName -->
        <test-method signature="getuser()[pri:3, instance:api.test.UserTests@36916eb0]" started-at="2023-12-04T15:43:23 IST" name="getuser" finished-at="2023-12-04T15:43:24 IST" duration-ms="1526" status="PASS">
          <reporter-output>
          </reporter-output>
        </test-method> <!-- getuser -->
        <test-method signature="updateuser()[pri:4, instance:api.test.UserTests@36916eb0]" started-at="2023-12-04T15:43:24 IST" name="updateuser" finished-at="2023-12-04T15:43:26 IST" duration-ms="1516" status="PASS">
          <reporter-output>
          </reporter-output>
        </test-method> <!-- updateuser -->
        <test-method signature="deleteUser()[pri:5, instance:api.test.UserTests@36916eb0]" started-at="2023-12-04T15:43:26 IST" name="deleteUser" finished-at="2023-12-04T15:43:27 IST" duration-ms="1567" status="PASS">
          <reporter-output>
          </reporter-output>
        </test-method> <!-- deleteUser -->
      </class> <!-- api.test.UserTests -->
      <class name="api.test.DDTests">
        <test-method signature="testpostuser(java.lang.String,java.lang.String,java.lang.String,java.lang.String,java.lang.String,java.lang.String,java.lang.String)[pri:1, instance:api.test.DDTests@6253c26]" started-at="2023-12-04T15:43:29 IST" name="testpostuser" data-provider="Data" finished-at="2023-12-04T15:43:30 IST" duration-ms="1526" status="PASS">
          <params>
            <param index="0">
              <value>
                <![CDATA[1010]]>
              </value>
            </param>
            <param index="1">
              <value>
                <![CDATA[testUser1]]>
              </value>
            </param>
            <param index="2">
              <value>
                <![CDATA[Jon]]>
              </value>
            </param>
            <param index="3">
              <value>
                <![CDATA[Canedy]]>
              </value>
            </param>
            <param index="4">
              <value>
                <![CDATA[Jon@gmal.com]]>
              </value>
            </param>
            <param index="5">
              <value>
                <![CDATA[test@1]]>
              </value>
            </param>
            <param index="6">
              <value>
                <![CDATA[9758902746]]>
              </value>
            </param>
          </params>
          <reporter-output>
          </reporter-output>
        </test-method> <!-- testpostuser -->
        <test-method signature="testpostuser(java.lang.String,java.lang.String,java.lang.String,java.lang.String,java.lang.String,java.lang.String,java.lang.String)[pri:1, instance:api.test.DDTests@6253c26]" started-at="2023-12-04T15:43:30 IST" name="testpostuser" data-provider="Data" finished-at="2023-12-04T15:43:32 IST" duration-ms="1552" status="PASS">
          <params>
            <param index="0">
              <value>
                <![CDATA[1020]]>
              </value>
            </param>
            <param index="1">
              <value>
                <![CDATA[testUser2]]>
              </value>
            </param>
            <param index="2">
              <value>
                <![CDATA[Kim]]>
              </value>
            </param>
            <param index="3">
              <value>
                <![CDATA[Kon]]>
              </value>
            </param>
            <param index="4">
              <value>
                <![CDATA[kim@gmail.com]]>
              </value>
            </param>
            <param index="5">
              <value>
                <![CDATA[test@2]]>
              </value>
            </param>
            <param index="6">
              <value>
                <![CDATA[9758902746]]>
              </value>
            </param>
          </params>
          <reporter-output>
          </reporter-output>
        </test-method> <!-- testpostuser -->
        <test-method signature="testpostuser(java.lang.String,java.lang.String,java.lang.String,java.lang.String,java.lang.String,java.lang.String,java.lang.String)[pri:1, instance:api.test.DDTests@6253c26]" started-at="2023-12-04T15:43:32 IST" name="testpostuser" data-provider="Data" finished-at="2023-12-04T15:43:33 IST" duration-ms="1472" status="PASS">
          <params>
            <param index="0">
              <value>
                <![CDATA[1030]]>
              </value>
            </param>
            <param index="1">
              <value>
                <![CDATA[testUser3]]>
              </value>
            </param>
            <param index="2">
              <value>
                <![CDATA[Smith]]>
              </value>
            </param>
            <param index="3">
              <value>
                <![CDATA[Steve]]>
              </value>
            </param>
            <param index="4">
              <value>
                <![CDATA[smith@gmail.com]]>
              </value>
            </param>
            <param index="5">
              <value>
                <![CDATA[test@3]]>
              </value>
            </param>
            <param index="6">
              <value>
                <![CDATA[9758902746]]>
              </value>
            </param>
          </params>
          <reporter-output>
          </reporter-output>
        </test-method> <!-- testpostuser -->
        <test-method signature="deleteuser(java.lang.String)[pri:2, instance:api.test.DDTests@6253c26]" started-at="2023-12-04T15:43:33 IST" name="deleteuser" data-provider="UserNames" finished-at="2023-12-04T15:43:35 IST" duration-ms="1786" status="PASS">
          <params>
            <param index="0">
              <value>
                <![CDATA[testUser1]]>
              </value>
            </param>
          </params>
          <reporter-output>
          </reporter-output>
        </test-method> <!-- deleteuser -->
        <test-method signature="deleteuser(java.lang.String)[pri:2, instance:api.test.DDTests@6253c26]" started-at="2023-12-04T15:43:35 IST" name="deleteuser" data-provider="UserNames" finished-at="2023-12-04T15:43:37 IST" duration-ms="1573" status="PASS">
          <params>
            <param index="0">
              <value>
                <![CDATA[testUser2]]>
              </value>
            </param>
          </params>
          <reporter-output>
          </reporter-output>
        </test-method> <!-- deleteuser -->
        <test-method signature="deleteuser(java.lang.String)[pri:2, instance:api.test.DDTests@6253c26]" started-at="2023-12-04T15:43:37 IST" name="deleteuser" data-provider="UserNames" finished-at="2023-12-04T15:43:38 IST" duration-ms="1484" status="PASS">
          <params>
            <param index="0">
              <value>
                <![CDATA[testUser3]]>
              </value>
            </param>
          </params>
          <reporter-output>
          </reporter-output>
        </test-method> <!-- deleteuser -->
      </class> <!-- api.test.DDTests -->
    </test> <!-- Test -->
  </suite> <!-- OpenLoopSuite -->
</testng-results>
