<?xml version="1.0" encoding="UTF-8"?>
<testng-results ignored="2" total="9" passed="7" failed="0" skipped="0">
  <reporter-output>
  </reporter-output>
  <suite started-at="2024-02-26T23:35:54 IST" name="OpenLoopSuite1" finished-at="2024-02-26T23:36:32 IST" duration-ms="37501">
    <groups>
    </groups>
    <test started-at="2024-02-26T23:35:54 IST" name="Test" finished-at="2024-02-26T23:36:32 IST" duration-ms="37501">
      <class name="api.test.LoginTest">
        <test-method is-config="true" signature="setup()[pri:0, instance:api.test.LoginTest@537f60bf]" started-at="2024-02-26T23:35:54 IST" name="setup" finished-at="2024-02-26T23:35:54 IST" duration-ms="22" status="PASS">
          <reporter-output>
          </reporter-output>
        </test-method> <!-- setup -->
        <test-method is-config="true" signature="setUpData()[pri:0, instance:api.test.LoginTest@537f60bf]" started-at="2024-02-26T23:35:55 IST" name="setUpData" finished-at="2024-02-26T23:35:55 IST" duration-ms="576" status="PASS">
          <reporter-output>
          </reporter-output>
        </test-method> <!-- setUpData -->
        <test-method signature="getToken()[pri:0, instance:api.test.LoginTest@537f60bf]" started-at="2024-02-26T23:35:55 IST" name="getToken" description="Get Token" finished-at="2024-02-26T23:36:00 IST" duration-ms="4927" status="PASS">
          <reporter-output>
          </reporter-output>
        </test-method> <!-- getToken -->
        <test-method signature="getTokenWithoutPassword()[pri:0, instance:api.test.LoginTest@537f60bf]" started-at="2024-02-26T23:36:00 IST" name="getTokenWithoutPassword" description="Veriy Token Without Passing Password" finished-at="2024-02-26T23:36:02 IST" duration-ms="1719" status="PASS">
          <reporter-output>
          </reporter-output>
        </test-method> <!-- getTokenWithoutPassword -->
        <test-method signature="getTokenWithoutUserName()[pri:0, instance:api.test.LoginTest@537f60bf]" started-at="2024-02-26T23:36:02 IST" name="getTokenWithoutUserName" description="Veriy Token Without Passing username" finished-at="2024-02-26T23:36:03 IST" duration-ms="997" status="PASS">
          <reporter-output>
          </reporter-output>
        </test-method> <!-- getTokenWithoutUserName -->
        <test-method signature="getTokenWithoutclientId()[pri:0, instance:api.test.LoginTest@537f60bf]" started-at="2024-02-26T23:36:03 IST" name="getTokenWithoutclientId" description="Veriy Token Without Passing ClientID" finished-at="2024-02-26T23:36:04 IST" duration-ms="1464" status="PASS">
          <reporter-output>
          </reporter-output>
        </test-method> <!-- getTokenWithoutclientId -->
        <test-method is-config="true" signature="SendEmail()[pri:0, instance:api.test.LoginTest@537f60bf]" started-at="2024-02-26T23:36:32 IST" name="SendEmail" finished-at="2024-02-26T23:36:37 IST" duration-ms="5120" status="PASS">
          <reporter-output>
          </reporter-output>
        </test-method> <!-- SendEmail -->
      </class> <!-- api.test.LoginTest -->
      <class name="api.test.PlacePersonalizedOrderTest">
        <test-method is-config="true" signature="setUpData()[pri:0, instance:api.test.PlacePersonalizedOrderTest@791f145a]" started-at="2024-02-26T23:36:04 IST" name="setUpData" finished-at="2024-02-26T23:36:07 IST" duration-ms="2400" status="PASS">
          <reporter-output>
          </reporter-output>
        </test-method> <!-- setUpData -->
        <test-method signature="placeNonPersonalizedOrder()[pri:0, instance:api.test.PlacePersonalizedOrderTest@791f145a]" started-at="2024-02-26T23:36:07 IST" name="placeNonPersonalizedOrder" description="PlacePersonalized order" finished-at="2024-02-26T23:36:17 IST" duration-ms="9757" status="PASS">
          <reporter-output>
          </reporter-output>
        </test-method> <!-- placeNonPersonalizedOrder -->
        <test-method signature="placeNonPersonalizedOrder1()[pri:0, instance:api.test.PlacePersonalizedOrderTest@791f145a]" started-at="2024-02-26T23:36:17 IST" name="placeNonPersonalizedOrder1" description="PlacePersonalized order1" finished-at="2024-02-26T23:36:32 IST" duration-ms="15344" status="PASS">
          <reporter-output>
          </reporter-output>
        </test-method> <!-- placeNonPersonalizedOrder1 -->
        <test-method signature="readpayload()[pri:0, instance:api.test.PlacePersonalizedOrderTest@791f145a]" started-at="2024-02-26T23:36:32 IST" name="readpayload" description="print" finished-at="2024-02-26T23:36:32 IST" duration-ms="1" status="PASS">
          <reporter-output>
          </reporter-output>
        </test-method> <!-- readpayload -->
      </class> <!-- api.test.PlacePersonalizedOrderTest -->
    </test> <!-- Test -->
  </suite> <!-- OpenLoopSuite1 -->
</testng-results>
