<?xml version="1.0" encoding="UTF-8"?>
<testng-results ignored="0" total="11" passed="11" failed="0" skipped="0">
  <reporter-output>
  </reporter-output>
  <suite started-at="2023-12-04T15:26:47 IST" name="OpenLoopSuite" finished-at="2023-12-04T15:27:07 IST" duration-ms="20489">
    <groups>
    </groups>
    <test started-at="2023-12-04T15:26:47 IST" name="Test" finished-at="2023-12-04T15:27:07 IST" duration-ms="20489">
      <class name="api.test.UserTests">
        <test-method is-config="true" signature="setUpData()[pri:0, instance:api.test.UserTests@1ed6388a]" started-at="2023-12-04T15:26:47 IST" name="setUpData" finished-at="2023-12-04T15:26:48 IST" duration-ms="768" status="PASS">
          <reporter-output>
          </reporter-output>
        </test-method> <!-- setUpData -->
        <test-method signature="createUser()[pri:1, instance:api.test.UserTests@1ed6388a]" started-at="2023-12-04T15:26:48 IST" name="createUser" finished-at="2023-12-04T15:26:51 IST" duration-ms="3103" status="PASS">
          <reporter-output>
          </reporter-output>
        </test-method> <!-- createUser -->
        <test-method signature="createUserWithoutFirstName()[pri:2, instance:api.test.UserTests@1ed6388a]" started-at="2023-12-04T15:26:51 IST" name="createUserWithoutFirstName" finished-at="2023-12-04T15:26:52 IST" duration-ms="1520" status="PASS">
          <reporter-output>
          </reporter-output>
        </test-method> <!-- createUserWithoutFirstName -->
        <test-method signature="getuser()[pri:3, instance:api.test.UserTests@1ed6388a]" started-at="2023-12-04T15:26:52 IST" name="getuser" finished-at="2023-12-04T15:26:54 IST" duration-ms="1542" status="PASS">
          <reporter-output>
          </reporter-output>
        </test-method> <!-- getuser -->
        <test-method signature="updateuser()[pri:4, instance:api.test.UserTests@1ed6388a]" started-at="2023-12-04T15:26:54 IST" name="updateuser" finished-at="2023-12-04T15:26:55 IST" duration-ms="1510" status="PASS">
          <reporter-output>
          </reporter-output>
        </test-method> <!-- updateuser -->
        <test-method signature="deleteUser()[pri:5, instance:api.test.UserTests@1ed6388a]" started-at="2023-12-04T15:26:55 IST" name="deleteUser" finished-at="2023-12-04T15:26:57 IST" duration-ms="1541" status="PASS">
          <reporter-output>
          </reporter-output>
        </test-method> <!-- deleteUser -->
      </class> <!-- api.test.UserTests -->
      <class name="api.test.DDTests">
        <test-method signature="testpostuser(java.lang.String,java.lang.String,java.lang.String,java.lang.String,java.lang.String,java.lang.String,java.lang.String)[pri:1, instance:api.test.DDTests@576d5deb]" started-at="2023-12-04T15:26:58 IST" name="testpostuser" data-provider="Data" finished-at="2023-12-04T15:27:00 IST" duration-ms="1550" status="PASS">
          <params>
            <param index="0">
              <value>
                <![CDATA[1010]]>
              </value>
            </param>
            <param index="1">
              <value>
                <![CDATA[testUser1]]>
              </value>
            </param>
            <param index="2">
              <value>
                <![CDATA[Jon]]>
              </value>
            </param>
            <param index="3">
              <value>
                <![CDATA[Canedy]]>
              </value>
            </param>
            <param index="4">
              <value>
                <![CDATA[Jon@gmal.com]]>
              </value>
            </param>
            <param index="5">
              <value>
                <![CDATA[test@1]]>
              </value>
            </param>
            <param index="6">
              <value>
                <![CDATA[9758902746]]>
              </value>
            </param>
          </params>
          <reporter-output>
          </reporter-output>
        </test-method> <!-- testpostuser -->
        <test-method signature="testpostuser(java.lang.String,java.lang.String,java.lang.String,java.lang.String,java.lang.String,java.lang.String,java.lang.String)[pri:1, instance:api.test.DDTests@576d5deb]" started-at="2023-12-04T15:27:00 IST" name="testpostuser" data-provider="Data" finished-at="2023-12-04T15:27:01 IST" duration-ms="1494" status="PASS">
          <params>
            <param index="0">
              <value>
                <![CDATA[1020]]>
              </value>
            </param>
            <param index="1">
              <value>
                <![CDATA[testUser2]]>
              </value>
            </param>
            <param index="2">
              <value>
                <![CDATA[Kim]]>
              </value>
            </param>
            <param index="3">
              <value>
                <![CDATA[Kon]]>
              </value>
            </param>
            <param index="4">
              <value>
                <![CDATA[kim@gmail.com]]>
              </value>
            </param>
            <param index="5">
              <value>
                <![CDATA[test@2]]>
              </value>
            </param>
            <param index="6">
              <value>
                <![CDATA[9758902746]]>
              </value>
            </param>
          </params>
          <reporter-output>
          </reporter-output>
        </test-method> <!-- testpostuser -->
        <test-method signature="testpostuser(java.lang.String,java.lang.String,java.lang.String,java.lang.String,java.lang.String,java.lang.String,java.lang.String)[pri:1, instance:api.test.DDTests@576d5deb]" started-at="2023-12-04T15:27:01 IST" name="testpostuser" data-provider="Data" finished-at="2023-12-04T15:27:03 IST" duration-ms="1477" status="PASS">
          <params>
            <param index="0">
              <value>
                <![CDATA[1030]]>
              </value>
            </param>
            <param index="1">
              <value>
                <![CDATA[testUser3]]>
              </value>
            </param>
            <param index="2">
              <value>
                <![CDATA[Smith]]>
              </value>
            </param>
            <param index="3">
              <value>
                <![CDATA[Steve]]>
              </value>
            </param>
            <param index="4">
              <value>
                <![CDATA[smith@gmail.com]]>
              </value>
            </param>
            <param index="5">
              <value>
                <![CDATA[test@3]]>
              </value>
            </param>
            <param index="6">
              <value>
                <![CDATA[9758902746]]>
              </value>
            </param>
          </params>
          <reporter-output>
          </reporter-output>
        </test-method> <!-- testpostuser -->
        <test-method signature="deleteuser(java.lang.String)[pri:2, instance:api.test.DDTests@576d5deb]" started-at="2023-12-04T15:27:03 IST" name="deleteuser" data-provider="UserNames" finished-at="2023-12-04T15:27:04 IST" duration-ms="1452" status="PASS">
          <params>
            <param index="0">
              <value>
                <![CDATA[testUser1]]>
              </value>
            </param>
          </params>
          <reporter-output>
          </reporter-output>
        </test-method> <!-- deleteuser -->
        <test-method signature="deleteuser(java.lang.String)[pri:2, instance:api.test.DDTests@576d5deb]" started-at="2023-12-04T15:27:04 IST" name="deleteuser" data-provider="UserNames" finished-at="2023-12-04T15:27:06 IST" duration-ms="1496" status="PASS">
          <params>
            <param index="0">
              <value>
                <![CDATA[testUser2]]>
              </value>
            </param>
          </params>
          <reporter-output>
          </reporter-output>
        </test-method> <!-- deleteuser -->
        <test-method signature="deleteuser(java.lang.String)[pri:2, instance:api.test.DDTests@576d5deb]" started-at="2023-12-04T15:27:06 IST" name="deleteuser" data-provider="UserNames" finished-at="2023-12-04T15:27:07 IST" duration-ms="1476" status="PASS">
          <params>
            <param index="0">
              <value>
                <![CDATA[testUser3]]>
              </value>
            </param>
          </params>
          <reporter-output>
          </reporter-output>
        </test-method> <!-- deleteuser -->
      </class> <!-- api.test.DDTests -->
    </test> <!-- Test -->
  </suite> <!-- OpenLoopSuite -->
</testng-results>
