<?xml version="1.0" encoding="UTF-8"?>
<testng-results ignored="6" total="7" passed="1" failed="0" skipped="0">
  <reporter-output>
  </reporter-output>
  <suite started-at="2024-02-09T23:38:57 IST" name="Default suite" finished-at="2024-02-09T23:39:02 IST" duration-ms="4729">
    <groups>
    </groups>
    <test started-at="2024-02-09T23:38:57 IST" name="Default test" finished-at="2024-02-09T23:39:02 IST" duration-ms="4729">
      <class name="api.test.UserTests">
        <test-method is-config="true" signature="setUpData()[pri:0, instance:api.test.UserTests@5e600dd5]" started-at="2024-02-09T23:38:57 IST" name="setUpData" finished-at="2024-02-09T23:38:58 IST" duration-ms="1348" status="PASS">
          <reporter-output>
          </reporter-output>
        </test-method> <!-- setUpData -->
        <test-method signature="Createuserfirst()[pri:0, instance:api.test.UserTests@5e600dd5]" started-at="2024-02-09T23:38:58 IST" name="Createuserfirst" finished-at="2024-02-09T23:39:02 IST" duration-ms="3347" status="PASS">
          <reporter-output>
          </reporter-output>
        </test-method> <!-- Createuserfirst -->
      </class> <!-- api.test.UserTests -->
    </test> <!-- Default test -->
  </suite> <!-- Default suite -->
</testng-results>
