<?xml version="1.0" encoding="UTF-8"?>
<testng-results ignored="2" total="9" passed="7" failed="0" skipped="0">
  <reporter-output>
  </reporter-output>
  <suite started-at="2024-03-06T21:30:30 IST" name="OpenLoopSuite1" finished-at="2024-03-06T21:31:03 IST" duration-ms="33055">
    <groups>
    </groups>
    <test started-at="2024-03-06T21:30:30 IST" name="Test" finished-at="2024-03-06T21:31:03 IST" duration-ms="33055">
      <class name="api.test.LoginTest">
        <test-method is-config="true" signature="setup()[pri:0, instance:api.test.LoginTest@537f60bf]" started-at="2024-03-06T21:30:30 IST" name="setup" finished-at="2024-03-06T21:30:30 IST" duration-ms="24" status="PASS">
          <reporter-output>
          </reporter-output>
        </test-method> <!-- setup -->
        <test-method is-config="true" signature="setUpData()[pri:0, instance:api.test.LoginTest@537f60bf]" started-at="2024-03-06T21:30:30 IST" name="setUpData" finished-at="2024-03-06T21:30:31 IST" duration-ms="567" status="PASS">
          <reporter-output>
          </reporter-output>
        </test-method> <!-- setUpData -->
        <test-method signature="getToken()[pri:0, instance:api.test.LoginTest@537f60bf]" started-at="2024-03-06T21:30:31 IST" name="getToken" description="Get Token" finished-at="2024-03-06T21:30:36 IST" duration-ms="4868" status="PASS">
          <reporter-output>
          </reporter-output>
        </test-method> <!-- getToken -->
        <test-method signature="getTokenWithoutPassword()[pri:0, instance:api.test.LoginTest@537f60bf]" started-at="2024-03-06T21:30:36 IST" name="getTokenWithoutPassword" description="Veriy Token Without Passing Password" finished-at="2024-03-06T21:30:38 IST" duration-ms="1842" status="PASS">
          <reporter-output>
          </reporter-output>
        </test-method> <!-- getTokenWithoutPassword -->
        <test-method signature="getTokenWithoutUserName()[pri:0, instance:api.test.LoginTest@537f60bf]" started-at="2024-03-06T21:30:38 IST" name="getTokenWithoutUserName" description="Veriy Token Without Passing username" finished-at="2024-03-06T21:30:39 IST" duration-ms="1633" status="PASS">
          <reporter-output>
          </reporter-output>
        </test-method> <!-- getTokenWithoutUserName -->
        <test-method signature="getTokenWithoutclientId()[pri:0, instance:api.test.LoginTest@537f60bf]" started-at="2024-03-06T21:30:39 IST" name="getTokenWithoutclientId" description="Veriy Token Without Passing ClientID" finished-at="2024-03-06T21:30:40 IST" duration-ms="1017" status="PASS">
          <reporter-output>
          </reporter-output>
        </test-method> <!-- getTokenWithoutclientId -->
        <test-method is-config="true" signature="SendEmail()[pri:0, instance:api.test.LoginTest@537f60bf]" started-at="2024-03-06T21:31:04 IST" name="SendEmail" finished-at="2024-03-06T21:31:10 IST" duration-ms="6577" status="PASS">
          <reporter-output>
          </reporter-output>
        </test-method> <!-- SendEmail -->
      </class> <!-- api.test.LoginTest -->
      <class name="api.test.PlacePersonalizedOrderTest">
        <test-method is-config="true" signature="setUpData()[pri:0, instance:api.test.PlacePersonalizedOrderTest@791f145a]" started-at="2024-03-06T21:30:40 IST" name="setUpData" finished-at="2024-03-06T21:30:43 IST" duration-ms="2573" status="PASS">
          <reporter-output>
          </reporter-output>
        </test-method> <!-- setUpData -->
        <test-method signature="placeNonPersonalizedOrder()[pri:0, instance:api.test.PlacePersonalizedOrderTest@791f145a]" started-at="2024-03-06T21:30:43 IST" name="placeNonPersonalizedOrder" description="PlacePersonalized order" finished-at="2024-03-06T21:30:53 IST" duration-ms="10307" status="PASS">
          <reporter-output>
          </reporter-output>
        </test-method> <!-- placeNonPersonalizedOrder -->
        <test-method signature="placeNonPersonalizedOrder1()[pri:0, instance:api.test.PlacePersonalizedOrderTest@791f145a]" started-at="2024-03-06T21:30:53 IST" name="placeNonPersonalizedOrder1" description="PlacePersonalized order1" finished-at="2024-03-06T21:31:03 IST" duration-ms="9895" status="PASS">
          <reporter-output>
          </reporter-output>
        </test-method> <!-- placeNonPersonalizedOrder1 -->
        <test-method signature="readpayload()[pri:0, instance:api.test.PlacePersonalizedOrderTest@791f145a]" started-at="2024-03-06T21:31:03 IST" name="readpayload" description="print" finished-at="2024-03-06T21:31:03 IST" duration-ms="2" status="PASS">
          <reporter-output>
          </reporter-output>
        </test-method> <!-- readpayload -->
      </class> <!-- api.test.PlacePersonalizedOrderTest -->
    </test> <!-- Test -->
  </suite> <!-- OpenLoopSuite1 -->
</testng-results>
