<?xml version="1.0" encoding="UTF-8"?>
<!-- Generated by org.testng.reporters.JUnitXMLReporter -->
<testsuite ignored="0" hostname="SEZLAP-7532" failures="0" tests="4" name="Test" time="108.227" errors="0" timestamp="2024-02-14T14:55:46 IST">
  <testcase classname="api.test.LoginTest" name="@BeforeClass setUpData" time="45.763">
    <failure type="java.lang.NullPointerException">
      <![CDATA[java.lang.NullPointerException
at api.utilities.Utils.getPayloadFromJsonFile(Utils.java:137)
at api.test.LoginTest.setUpData(LoginTest.java:21)
at java.base/java.util.ArrayList.forEach(ArrayList.java:1541)
... Removed 25 stack frames]]>
    </failure>
  </testcase> <!-- @BeforeClass setUpData -->
  <testcase classname="api.test.PlacePersonalizedOrderTest" name="@BeforeClass setUpData" time="16.506">
    <failure type="java.lang.NullPointerException">
      <![CDATA[java.lang.NullPointerException
at api.utilities.Utils.getPayloadFromJsonFile(Utils.java:137)
at api.test.PlacePersonalizedOrderTest.setUpData(PlacePersonalizedOrderTest.java:22)
at java.base/java.util.ArrayList.forEach(ArrayList.java:1541)
... Removed 25 stack frames]]>
    </failure>
  </testcase> <!-- @BeforeClass setUpData -->
  <testcase classname="api.test.LoginTest" name="getToken" time="0.0">
    <skipped/>
  </testcase> <!-- getToken -->
  <testcase classname="api.test.PlacePersonalizedOrderTest" name="placeNonPersonalizedOrder" time="0.0">
    <skipped/>
  </testcase> <!-- placeNonPersonalizedOrder -->
  <testcase classname="api.test.PlacePersonalizedOrderTest" name="placeNonPersonalizedOrder1" time="0.0">
    <skipped/>
  </testcase> <!-- placeNonPersonalizedOrder1 -->
  <testcase classname="api.test.PlacePersonalizedOrderTest" name="readpayload" time="0.0">
    <skipped/>
  </testcase> <!-- readpayload -->
</testsuite> <!-- Test -->
